[33mConfiguration file: none[0m
            Source: /Users/guney/Desktop/webpage
       Destination: /Users/guney/Desktop/webpage/_site
 Incremental build: disabled. Enable with --incremental
      Generating... 
                    done in 0.276 seconds.
 Auto-regeneration: enabled for '/Users/guney/Desktop/webpage'
LiveReload address: http://127.0.0.1:35729
    Server address: http://127.0.0.1:4000
  Server running... press ctrl-c to stop.
        LiveReload: Browser connected
[2025-12-13 00:39:15] ERROR '/images/sample-post.jpg' not found.
[2025-12-13 00:39:15] ERROR '/images/sample-post.jpg' not found.
[2025-12-13 00:39:16] ERROR '/blog/css/colors/dark-mode.css' not found.
[2025-12-13 00:39:34] ERROR '/images/about.jpg' not found.
[2025-12-13 00:39:36] ERROR '/images/sample-post.jpg' not found.
[2025-12-13 00:39:36] ERROR '/blog/css/colors/dark-mode.css' not found.
[2025-12-13 00:39:45] ERROR '/images/sample-post.jpg' not found.
[2025-12-13 00:39:45] ERROR '/2025/12/13/css/colors/dark-mode.css' not found.
[2025-12-13 00:39:56] ERROR '/2025/12/13/css/colors/light-mode.css' not found.
[2025-12-13 00:39:57] ERROR '/2025/12/13/css/colors/dark-mode.css' not found.
[2025-12-13 00:39:58] ERROR '/2025/12/13/css/colors/light-mode.css' not found.
[2025-12-13 00:39:59] ERROR '/2025/12/13/css/colors/dark-mode.css' not found.
[2025-12-13 00:40:00] ERROR '/images/about.jpg' not found.
      Regenerating: 3 file(s) changed at 2025-12-13 00:47:18
                    jekyll.log
                    scripts/deploy_to_gh_pages.sh
                    blog.html
[33m             Error: No such file or directory @ rb_file_s_stat - /Users/guney/Desktop/webpage/README_DEPLOY.md[0m
[33m             Error: Run jekyll build --trace for more information.[0m
                    
      Regenerating: 6 file(s) changed at 2025-12-13 00:47:19
                    jekyll.log
                    README_DEPLOY.md
                    _posts/2025-12-13-example-post.md
                    blog/index.html
                    _layouts/post.html
                    _layouts/base.html
                    ...done in 0.01932 seconds.
                    
      Regenerating: 8 file(s) changed at 2025-12-13 00:47:20
                    hakkimda.html
                    index.html
                    base.html
                    css/style.css
                    profil.html
                    iletisim.html
                    galeri.html
                    jekyll.log
                    ...done in 0.081767 seconds.
                    
      Regenerating: 1 file(s) changed at 2025-12-13 00:47:20
                    jekyll.log
                    ...done in 0.039145 seconds.
                    
      Regenerating: 2 file(s) changed at 2025-12-13 00:48:44
                    profil.html
                    jekyll.log
                    ...done in 0.037659 seconds.
                    
      Regenerating: 2 file(s) changed at 2025-12-13 00:48:47
                    teksayfatotalscroll.html
                    jekyll.log
                    ...done in 0.013964 seconds.
                    
      Regenerating: 2 file(s) changed at 2025-12-13 00:48:52
                    iletisim.html
                    jekyll.log
                    ...done in 0.031364 seconds.
                    
      Regenerating: 1 file(s) changed at 2025-12-13 00:48:52
                    jekyll.log
[2025-12-13 00:48:52] ERROR Errno::ECONNRESET: Connection reset by peer @ io_fillbuf - fd:18 
	/Users/guney/.rbenv/versions/3.1.4/lib/ruby/gems/3.1.0/gems/webrick-1.9.2/lib/webrick/httpserver.rb:82:in `eof?'
	/Users/guney/.rbenv/versions/3.1.4/lib/ruby/gems/3.1.0/gems/webrick-1.9.2/lib/webrick/httpserver.rb:82:in `run'
	/Users/guney/.rbenv/versions/3.1.4/lib/ruby/gems/3.1.0/gems/webrick-1.9.2/lib/webrick/server.rb:309:in `block in start_thread'
                    ...done in 0.055688 seconds.
                    
      Regenerating: 2 file(s) changed at 2025-12-13 00:49:00
                    base.html
                    jekyll.log
                    ...done in 0.013678 seconds.
                    
      Regenerating: 2 file(s) changed at 2025-12-13 00:49:02
                    galeri.html
                    jekyll.log
                    ...done in 0.032867 seconds.
                    
      Regenerating: 2 file(s) changed at 2025-12-13 00:49:04
                    hakkimda.html
                    jekyll.log
                    ...done in 0.019149 seconds.
                    
      Regenerating: 2 file(s) changed at 2025-12-13 00:49:07
                    iletisim.html
                    jekyll.log
                    ...done in 0.025841 seconds.
                    
      Regenerating: 2 file(s) changed at 2025-12-13 00:49:09
                    index.html
                    jekyll.log
                    ...done in 0.013524 seconds.
                    
[2025-12-13 00:49:09] ERROR Errno::ECONNRESET: Connection reset by peer @ io_fillbuf - fd:19 
	/Users/guney/.rbenv/versions/3.1.4/lib/ruby/gems/3.1.0/gems/webrick-1.9.2/lib/webrick/httpserver.rb:82:in `eof?'
	/Users/guney/.rbenv/versions/3.1.4/lib/ruby/gems/3.1.0/gems/webrick-1.9.2/lib/webrick/httpserver.rb:82:in `run'
	/Users/guney/.rbenv/versions/3.1.4/lib/ruby/gems/3.1.0/gems/webrick-1.9.2/lib/webrick/server.rb:309:in `block in start_thread'
      Regenerating: 2 file(s) changed at 2025-12-13 00:49:20
                    profil.html
                    jekyll.log
                    ...done in 0.055252 seconds.
                    
[2025-12-13 00:49:21] ERROR Errno::ECONNRESET: Connection reset by peer @ io_fillbuf - fd:21 
	/Users/guney/.rbenv/versions/3.1.4/lib/ruby/gems/3.1.0/gems/webrick-1.9.2/lib/webrick/httpserver.rb:82:in `eof?'
	/Users/guney/.rbenv/versions/3.1.4/lib/ruby/gems/3.1.0/gems/webrick-1.9.2/lib/webrick/httpserver.rb:82:in `run'
	/Users/guney/.rbenv/versions/3.1.4/lib/ruby/gems/3.1.0/gems/webrick-1.9.2/lib/webrick/server.rb:309:in `block in start_thread'
[2025-12-13 00:49:21] ERROR Errno::ECONNRESET: Connection reset by peer @ io_fillbuf - fd:16 
	/Users/guney/.rbenv/versions/3.1.4/lib/ruby/gems/3.1.0/gems/webrick-1.9.2/lib/webrick/httpserver.rb:82:in `eof?'
	/Users/guney/.rbenv/versions/3.1.4/lib/ruby/gems/3.1.0/gems/webrick-1.9.2/lib/webrick/httpserver.rb:82:in `run'
	/Users/guney/.rbenv/versions/3.1.4/lib/ruby/gems/3.1.0/gems/webrick-1.9.2/lib/webrick/server.rb:309:in `block in start_thread'
      Regenerating: 2 file(s) changed at 2025-12-13 00:49:22
                    teksayfatotalscroll.html
                    jekyll.log
                    ...done in 0.010588 seconds.
                    
      Regenerating: 2 file(s) changed at 2025-12-13 00:52:09
                    base.html
                    jekyll.log
                    ...done in 0.052668 seconds.
                    
[2025-12-13 00:52:09] ERROR Errno::ECONNRESET: Connection reset by peer @ io_fillbuf - fd:21 
	/Users/guney/.rbenv/versions/3.1.4/lib/ruby/gems/3.1.0/gems/webrick-1.9.2/lib/webrick/httpserver.rb:82:in `eof?'
	/Users/guney/.rbenv/versions/3.1.4/lib/ruby/gems/3.1.0/gems/webrick-1.9.2/lib/webrick/httpserver.rb:82:in `run'
	/Users/guney/.rbenv/versions/3.1.4/lib/ruby/gems/3.1.0/gems/webrick-1.9.2/lib/webrick/server.rb:309:in `block in start_thread'
